<?xml version="1.0" encoding="UTF-8"?>
<!-- Generated by org.testng.reporters.JUnitReportReporter -->
<testsuite hostname="Kumars-MacBook-Pro.local" failures="0" tests="2" name="GoogleTest" time="38.513" errors="0" timestamp="08 Jun 2023 10:38:54 GMT" skipped="0">
  <testcase classname="GoogleTest" name="validateGoogleImage" time="3.104"/>
  <testcase classname="GoogleTest" name="sendSerachTestToGoogle" time="35.409"/>
</testsuite> <!-- GoogleTest -->
