<?xml version="1.0" encoding="UTF-8"?>
<!-- Generated by org.testng.reporters.JUnitReportReporter -->
<testsuite hostname="Kumars-MacBook-Pro.local" failures="0" tests="2" name="GoogleTest" time="12.796" errors="0" timestamp="08 Jun 2023 13:08:39 GMT" skipped="0">
  <testcase classname="GoogleTest" name="sendSerachTestToGoogle" time="7.229"/>
  <testcase classname="GoogleTest" name="validateGoogleImage" time="5.567"/>
</testsuite> <!-- GoogleTest -->
